<?xml version="1.0" encoding="utf-8" standalone="no"?>
<test-results xmlns:xsi="http://www.w3.org/2001/XMLSchema-instance" xsi:noNamespaceSchemaLocation="nunit_schema_2.5.xsd" name="Pester" total="1" errors="0" failures="0" not-run="0" inconclusive="0" ignored="0" skipped="0" invalid="0" date="2018-09-16" time="17:43:17">
  <environment user="simao" machine-name="DESKTOP-7FC4H0G" cwd="C:\source\gitrepos\win-java-info" user-domain="DESKTOP-7FC4H0G" platform="Microsoft Windows 10 Pro|C:\WINDOWS|\Device\Harddisk0\Partition3" nunit-version="2.5.8.0" os-version="10.0.17134" clr-version="4.0.30319.42000" />
  <culture-info current-culture="en-GB" current-uiculture="en-GB" />
  <test-suite type="Powershell" name="Pester" executed="True" result="Success" success="True" time="0.1142" asserts="0">
    <results>
      <test-suite type="TestFixture" name="Get-JavaInfo" executed="True" result="Success" success="True" time="0.1142" asserts="0" description="Get-JavaInfo">
        <results>
          <test-case description="Should always output something" name="Get-JavaInfo.Should always output something" time="0.1142" asserts="0" success="True" result="Success" executed="True" />
        </results>
      </test-suite>
    </results>
  </test-suite>
</test-results>